.CODE
PUSH simple_heap_init
CALL
PUSH main
CALL
HALT

simple_heap_init:   RET 0   ; Retorna inmediatamente
simple_malloc:      LOADFP  ; inicializacion del RA
LOADSP
STOREFP ; Finaliza inicializacion del RA
LOADHL  ; hl
DUP  ; hl
PUSH 1  ; 1
ADD ; hl+1
STORE 4 ; Guarda el resultado (el puntero a la primer celda de la region de memoria)
LOAD 3  ; Carga la cantidad de celdas a alojar (parametro debe ser positvo)
ADD
STOREHL ; Mueve el heap limit (h1). Expande el heap
STOREFP
RET 1   ; Retorna elimiando el parametro

.DATA
lblVTA:  DW lblA_mc
.CODE

lblA_constructor: LOADFP  ; Apila el valor del registro fp
LOADSP  ; Apila el valor del registro sp
STOREFP  ; Almacena el tope de la pila en el registro fp
FMEM 0
STOREFP  ; Almacena el tope de la pila en el registro fp
RET 1

lblA_mc: LOADFP; Apilar el valor del registro
LOADSP  ; Apilar el valor del SP
STOREFP ; Guardar el valor del SP en el FP
RMEM 1; Reservo espacio para la variable x
PUSH 10; Apilar el entero 10
STORE 0 ; Guardo el valor de la variable x
LOAD 0 ; AccesoVar Cargo la variable x
PUSH 10; Apilar el entero 10
EQ
BF if_end_label_0; 
LOAD 0 ; AccesoVar Cargo la variable x
PUSH debugPrint; Apilar la dirección del método debugPrint
CALL    ; Llamar al método debugPrint
FMEM 0
if_end_label_0: NOP ; Final del then 
RMEM 1; Reservo espacio para la variable y
PUSH 12; Apilar el entero 12
STORE -1 ; Guardo el valor de la variable y
LOAD -1 ; AccesoVar Cargo la variable y
PUSH 12; Apilar el entero 12
EQ
BF if_end_label_1; 
LOAD -1 ; AccesoVar Cargo la variable y
PUSH debugPrint; Apilar la dirección del método debugPrint
CALL    ; Llamar al método debugPrint
FMEM 0
if_end_label_1: NOP ; Final del then 
RMEM 1; Reservo espacio para la variable z
LOAD 0 ; AccesoVar Cargo la variable x
LOAD -1 ; AccesoVar Cargo la variable y
ADD
STORE -2 ; Guardo el valor de la variable z
LOAD -2 ; AccesoVar Cargo la variable z
PUSH debugPrint; Apilar la dirección del método debugPrint
CALL    ; Llamar al método debugPrint
FMEM 3
STOREFP ; Almacena el tope de la pila en el registro
RET 1


.DATA
lblVTInit:  NOP
.CODE

lblInit_constructor: LOADFP  ; Apila el valor del registro fp
LOADSP  ; Apila el valor del registro sp
STOREFP  ; Almacena el tope de la pila en el registro fp
FMEM 0
STOREFP  ; Almacena el tope de la pila en el registro fp
RET 1


main: LOADFP; Apilar el valor del registro
LOADSP  ; Apilar el valor del SP
STOREFP ; Guardar el valor del SP en el FP
RMEM 1; Reservo espacio para la variable a
RMEM 1  ; Reservamos memoria para el resultado del malloc
PUSH 4; Apilo la cantidad de var de instancia del CIR de A +1 por VT
PUSH simple_malloc  ; La dirección de la rutina para alojar memoria en el heap
CALL    ; Llamo a malloc
DUP ; Para no perder la referencia al nuevo CIR
PUSH lblVTA ; Apilamos la dirección del comienzo de la VT de la clase A
STOREREF 0 ; Guardamos la Referencia a la VT en el CIR que creamos
DUP
PUSH lblA_constructor ; Apilamos la dirección de la rutina del constructor
CALL    ; LLamo al constructor
STORE -3 ; Guardo el valor de la variable a
LOAD -3 ; AccesoVar Cargo la variable a
DUP
LOADREF 0; Apilo el offset de la VT en la CIR (Siempre es 0)
LOADREF 0; Apilo el offset del metodo mc en la VT
CALL    ; Llamar al método mc
FMEM 1
STOREFP ; Almacena el tope de la pila en el registro
RET 0

.DATA
lblVTObject: NOP
.CODE

lblConstructor@Object: LOADFP  ; Apila el valor del registro fp
LOADSP  ; Apila el valor del registro sp
STOREFP  ; Almacena el tope de la pila en el registro fp
FMEM 0
STOREFP  ; Almacena el tope de la pila en el registro fp
RET 1

debugPrint: LOADFP  ; Apila el valor del registro fp
LOADSP  ; Apila el valor del registro sp
STOREFP  ; Almacena el tope de la pila en el registro fp
LOAD 3  ; Apila el parámetro
IPRINT  ; Imprime el entero en el tope de la pila
STOREFP  ; Almacena el tope de la pila en el registro fp
RET 1

.DATA
lblVTString: NOP
.CODE

lblConstructor@String: LOADFP  ; Apila el valor del registro fp
LOADSP  ; Apila el valor del registro sp
STOREFP  ; Almacena el tope de la pila en el registro fp
FMEM 0
STOREFP  ; Almacena el tope de la pila en el registro fp
RET 1

.DATA
lblVTSystem: NOP
.CODE

lblConstructor@System: LOADFP  ; Apila el valor del registro fp
LOADSP  ; Apila el valor del registro sp
STOREFP  ; Almacena el tope de la pila en el registro fp
FMEM 0
STOREFP  ; Almacena el tope de la pila en el registro fp
RET 1

printC: LOADFP  ; Apila el valor del registro fp
LOADSP  ; Apila el valor del registro sp
STOREFP  ; Almacena el tope de la pila en el registro fp
LOAD 3  ; Apila el parámetro
CPRINT  ; Imprime el char en el tope de la pila
STOREFP  ; Almacena el tope de la pila en el registro fp
RET 1

printS: LOADFP  ; Apila el valor del registro fp
LOADSP  ; Apila el valor del registro sp
STOREFP  ; Almacena el tope de la pila en el registro fp
LOAD 3  ; Apila el parámetro
SPRINT  ; Imprime el string en el tope de la pila
STOREFP  ; Almacena el tope de la pila en el registro fp
RET 1

println: LOADFP  ; Apila el valor del registro fp
LOADSP  ; Apila el valor del registro sp
STOREFP  ; Almacena el tope de la pila en el registro fp
PRNLN  ; Imprime el caracter de nueva línea
STOREFP  ; Almacena el tope de la pila en el registro fp
RET 0

printCln: LOADFP  ; Apila el valor del registro fp
LOADSP  ; Apila el valor del registro sp
STOREFP  ; Almacena el tope de la pila en el registro fp
LOAD 3  ; Apila el parámetro
CPRINT  ; Imprime el char en el tope de la pila
PRNLN  ; Imprime el caracter de nueva línea
STOREFP  ; Almacena el tope de la pila en el registro fp
RET 1

printSln: LOADFP  ; Apila el valor del registro fp
LOADSP  ; Apila el valor del registro sp
STOREFP  ; Almacena el tope de la pila en el registro fp
LOAD 3  ; Apila el parámetro
SPRINT  ; Imprime el booleano en el tope de la pila
PRNLN  ; Imprime el caracter de nueva línea
STOREFP  ; Almacena el tope de la pila en el registro fp
RET 1

read: LOADFP  ; Apila el valor del registro fp
LOADSP  ; Apila el valor del registro sp
STOREFP  ; Almacena el tope de la pila en el registro fp
READ  ; Lee un valor entero
PUSH 48  ; Por ASCII
SUB
STORE 3  ; Devuelve el valor entero leído, poniendo el tope de la pila en la locación reservada
STOREFP  ; Almacena el tope de la pila en el registro fp
RET 0

printB: LOADFP  ; Apila el valor del registro fp
LOADSP  ; Apila el valor del registro sp
STOREFP  ; Almacena el tope de la pila en el registro fp
LOAD 3  ; Apila el parámetro
BPRINT  ; Imprime el booleano en el tope de la pila
STOREFP  ; Almacena el tope de la pila en el registro fp
RET 1

printIln: LOADFP  ; Apila el valor del registro fp
LOADSP  ; Apila el valor del registro sp
STOREFP  ; Almacena el tope de la pila en el registro fp
LOAD 3  ; Apila el parámetro
IPRINT  ; Imprime el entero en el tope de la pila
PRNLN  ; Imprime el caracter de nueva línea
STOREFP  ; Almacena el tope de la pila en el registro fp
RET 1

printI: LOADFP  ; Apila el valor del registro fp
LOADSP  ; Apila el valor del registro sp
STOREFP  ; Almacena el tope de la pila en el registro fp
LOAD 3  ; Apila el parámetro
IPRINT  ; Imprime el entero en el tope de la pila
STOREFP  ; Almacena el tope de la pila en el registro fp
RET 1

printBln: LOADFP  ; Apila el valor del registro fp
LOADSP  ; Apila el valor del registro sp
STOREFP  ; Almacena el tope de la pila en el registro fp
LOAD 3  ; Apila el parámetro
BPRINT  ; Imprime el booleano en el tope de la pila
PRNLN  ; Imprime el caracter de nueva línea
STOREFP  ; Almacena el tope de la pila en el registro fp
RET 1

